0 info it worked if it ends with ok
1 verbose cli [ '/usr/bin/node', '/usr/bin/npm', 'i' ]
2 info using npm@3.5.2
3 info using node@v8.10.0
4 silly loadCurrentTree Starting
5 silly install loadCurrentTree
6 silly install readLocalPackageData
7 silly install normalizeTree
8 silly loadCurrentTree Finishing
9 silly loadIdealTree Starting
10 silly install loadIdealTree
11 silly cloneCurrentTree Starting
12 silly install cloneCurrentTreeToIdealTree
13 silly cloneCurrentTree Finishing
14 silly loadShrinkwrap Starting
15 silly install loadShrinkwrap
16 silly loadShrinkwrap Finishing
17 silly loadAllDepsIntoIdealTree Starting
18 silly install loadAllDepsIntoIdealTree
19 silly loadAllDepsIntoIdealTree Finishing
20 silly idealTree:prePrune yallakidz@1.0.0
20 silly idealTree:prePrune └─┬ npm@6.9.0
20 silly idealTree:prePrune   ├── abbrev@1.1.1
20 silly idealTree:prePrune   ├── agent-base@4.2.1
20 silly idealTree:prePrune   ├── agentkeepalive@3.4.1
20 silly idealTree:prePrune   ├── ajv@5.5.2
20 silly idealTree:prePrune   ├── ansi-align@2.0.0
20 silly idealTree:prePrune   ├── ansi-regex@2.1.1
20 silly idealTree:prePrune   ├── ansi-styles@3.2.1
20 silly idealTree:prePrune   ├── ansicolors@0.3.2
20 silly idealTree:prePrune   ├── ansistyles@0.1.3
20 silly idealTree:prePrune   ├── aproba@2.0.0
20 silly idealTree:prePrune   ├── archy@1.0.0
20 silly idealTree:prePrune   ├─┬ are-we-there-yet@1.1.4
20 silly idealTree:prePrune   │ ├── readable-stream@2.3.6
20 silly idealTree:prePrune   │ └── string_decoder@1.1.1
20 silly idealTree:prePrune   ├── asap@2.0.6
20 silly idealTree:prePrune   ├── asn1@0.2.4
20 silly idealTree:prePrune   ├── assert-plus@1.0.0
20 silly idealTree:prePrune   ├── asynckit@0.4.0
20 silly idealTree:prePrune   ├── aws-sign2@0.7.0
20 silly idealTree:prePrune   ├── aws4@1.8.0
20 silly idealTree:prePrune   ├── balanced-match@1.0.0
20 silly idealTree:prePrune   ├── bcrypt-pbkdf@1.0.2
20 silly idealTree:prePrune   ├── bin-links@1.1.2
20 silly idealTree:prePrune   ├── block-stream@0.0.9
20 silly idealTree:prePrune   ├── bluebird@3.5.3
20 silly idealTree:prePrune   ├── boxen@1.3.0
20 silly idealTree:prePrune   ├── brace-expansion@1.1.11
20 silly idealTree:prePrune   ├── buffer-from@1.0.0
20 silly idealTree:prePrune   ├── builtins@1.0.3
20 silly idealTree:prePrune   ├── byline@5.0.0
20 silly idealTree:prePrune   ├── byte-size@5.0.1
20 silly idealTree:prePrune   ├─┬ cacache@11.3.2
20 silly idealTree:prePrune   │ ├── chownr@1.1.1
20 silly idealTree:prePrune   │ ├── lru-cache@5.1.1
20 silly idealTree:prePrune   │ ├── unique-filename@1.1.1
20 silly idealTree:prePrune   │ └── yallist@3.0.3
20 silly idealTree:prePrune   ├── call-limit@1.1.0
20 silly idealTree:prePrune   ├── camelcase@4.1.0
20 silly idealTree:prePrune   ├── capture-stack-trace@1.0.0
20 silly idealTree:prePrune   ├── caseless@0.12.0
20 silly idealTree:prePrune   ├── chalk@2.4.1
20 silly idealTree:prePrune   ├── chownr@1.1.1
20 silly idealTree:prePrune   ├── ci-info@2.0.0
20 silly idealTree:prePrune   ├── cidr-regex@2.0.10
20 silly idealTree:prePrune   ├── cli-boxes@1.0.0
20 silly idealTree:prePrune   ├── cli-columns@3.1.2
20 silly idealTree:prePrune   ├── cli-table3@0.5.1
20 silly idealTree:prePrune   ├─┬ cliui@4.1.0
20 silly idealTree:prePrune   │ ├── ansi-regex@3.0.0
20 silly idealTree:prePrune   │ └── strip-ansi@4.0.0
20 silly idealTree:prePrune   ├── clone@1.0.4
20 silly idealTree:prePrune   ├── cmd-shim@2.0.2
20 silly idealTree:prePrune   ├── co@4.6.0
20 silly idealTree:prePrune   ├── code-point-at@1.1.0
20 silly idealTree:prePrune   ├── color-convert@1.9.1
20 silly idealTree:prePrune   ├── color-name@1.1.3
20 silly idealTree:prePrune   ├── colors@1.3.3
20 silly idealTree:prePrune   ├── columnify@1.5.4
20 silly idealTree:prePrune   ├── combined-stream@1.0.6
20 silly idealTree:prePrune   ├── concat-map@0.0.1
20 silly idealTree:prePrune   ├─┬ concat-stream@1.6.2
20 silly idealTree:prePrune   │ ├── readable-stream@2.3.6
20 silly idealTree:prePrune   │ └── string_decoder@1.1.1
20 silly idealTree:prePrune   ├── config-chain@1.1.12
20 silly idealTree:prePrune   ├── configstore@3.1.2
20 silly idealTree:prePrune   ├── console-control-strings@1.1.0
20 silly idealTree:prePrune   ├─┬ copy-concurrently@1.0.5
20 silly idealTree:prePrune   │ ├── aproba@1.2.0
20 silly idealTree:prePrune   │ └── iferr@0.1.5
20 silly idealTree:prePrune   ├── core-util-is@1.0.2
20 silly idealTree:prePrune   ├── create-error-class@3.0.2
20 silly idealTree:prePrune   ├── cross-spawn@5.1.0
20 silly idealTree:prePrune   ├── crypto-random-string@1.0.0
20 silly idealTree:prePrune   ├── cyclist@0.2.2
20 silly idealTree:prePrune   ├── dashdash@1.14.1
20 silly idealTree:prePrune   ├─┬ debug@3.1.0
20 silly idealTree:prePrune   │ └── ms@2.0.0
20 silly idealTree:prePrune   ├── debuglog@1.0.1
20 silly idealTree:prePrune   ├── decamelize@1.2.0
20 silly idealTree:prePrune   ├── decode-uri-component@0.2.0
20 silly idealTree:prePrune   ├── deep-extend@0.5.1
20 silly idealTree:prePrune   ├── defaults@1.0.3
20 silly idealTree:prePrune   ├── delayed-stream@1.0.0
20 silly idealTree:prePrune   ├── delegates@1.0.0
20 silly idealTree:prePrune   ├── detect-indent@5.0.0
20 silly idealTree:prePrune   ├── detect-newline@2.1.0
20 silly idealTree:prePrune   ├── dezalgo@1.0.3
20 silly idealTree:prePrune   ├── dot-prop@4.2.0
20 silly idealTree:prePrune   ├── dotenv@5.0.1
20 silly idealTree:prePrune   ├── duplexer3@0.1.4
20 silly idealTree:prePrune   ├─┬ duplexify@3.6.0
20 silly idealTree:prePrune   │ ├── readable-stream@2.3.6
20 silly idealTree:prePrune   │ └── string_decoder@1.1.1
20 silly idealTree:prePrune   ├── ecc-jsbn@0.1.2
20 silly idealTree:prePrune   ├── editor@1.0.0
20 silly idealTree:prePrune   ├── encoding@0.1.12
20 silly idealTree:prePrune   ├── end-of-stream@1.4.1
20 silly idealTree:prePrune   ├── err-code@1.1.2
20 silly idealTree:prePrune   ├── errno@0.1.7
20 silly idealTree:prePrune   ├── es6-promise@4.2.6
20 silly idealTree:prePrune   ├── es6-promisify@5.0.0
20 silly idealTree:prePrune   ├── escape-string-regexp@1.0.5
20 silly idealTree:prePrune   ├─┬ execa@0.7.0
20 silly idealTree:prePrune   │ └── get-stream@3.0.0
20 silly idealTree:prePrune   ├── extend@3.0.2
20 silly idealTree:prePrune   ├── extsprintf@1.3.0
20 silly idealTree:prePrune   ├── fast-deep-equal@1.1.0
20 silly idealTree:prePrune   ├── fast-json-stable-stringify@2.0.0
20 silly idealTree:prePrune   ├── figgy-pudding@3.5.1
20 silly idealTree:prePrune   ├── find-npm-prefix@1.0.2
20 silly idealTree:prePrune   ├── find-up@2.1.0
20 silly idealTree:prePrune   ├─┬ flush-write-stream@1.0.3
20 silly idealTree:prePrune   │ ├── readable-stream@2.3.6
20 silly idealTree:prePrune   │ └── string_decoder@1.1.1
20 silly idealTree:prePrune   ├── forever-agent@0.6.1
20 silly idealTree:prePrune   ├── form-data@2.3.2
20 silly idealTree:prePrune   ├─┬ from2@2.3.0
20 silly idealTree:prePrune   │ ├── readable-stream@2.3.6
20 silly idealTree:prePrune   │ └── string_decoder@1.1.1
20 silly idealTree:prePrune   ├── fs-minipass@1.2.5
20 silly idealTree:prePrune   ├── fs-vacuum@1.2.10
20 silly idealTree:prePrune   ├─┬ fs-write-stream-atomic@1.0.10
20 silly idealTree:prePrune   │ ├── iferr@0.1.5
20 silly idealTree:prePrune   │ ├── readable-stream@2.3.6
20 silly idealTree:prePrune   │ └── string_decoder@1.1.1
20 silly idealTree:prePrune   ├── fs.realpath@1.0.0
20 silly idealTree:prePrune   ├── fstream@1.0.11
20 silly idealTree:prePrune   ├─┬ gauge@2.7.4
20 silly idealTree:prePrune   │ ├── aproba@1.2.0
20 silly idealTree:prePrune   │ └── string-width@1.0.2
20 silly idealTree:prePrune   ├── genfun@5.0.0
20 silly idealTree:prePrune   ├─┬ gentle-fs@2.0.1
20 silly idealTree:prePrune   │ ├── aproba@1.2.0
20 silly idealTree:prePrune   │ └── iferr@0.1.5
20 silly idealTree:prePrune   ├── get-caller-file@1.0.2
20 silly idealTree:prePrune   ├── get-stream@4.1.0
20 silly idealTree:prePrune   ├── getpass@0.1.7
20 silly idealTree:prePrune   ├── glob@7.1.3
20 silly idealTree:prePrune   ├── global-dirs@0.1.1
20 silly idealTree:prePrune   ├─┬ got@6.7.1
20 silly idealTree:prePrune   │ └── get-stream@3.0.0
20 silly idealTree:prePrune   ├── graceful-fs@4.1.15
20 silly idealTree:prePrune   ├── har-schema@2.0.0
20 silly idealTree:prePrune   ├── har-validator@5.1.0
20 silly idealTree:prePrune   ├── has-flag@3.0.0
20 silly idealTree:prePrune   ├── has-unicode@2.0.1
20 silly idealTree:prePrune   ├── hosted-git-info@2.7.1
20 silly idealTree:prePrune   ├── http-cache-semantics@3.8.1
20 silly idealTree:prePrune   ├── http-proxy-agent@2.1.0
20 silly idealTree:prePrune   ├── http-signature@1.2.0
20 silly idealTree:prePrune   ├── https-proxy-agent@2.2.1
20 silly idealTree:prePrune   ├── humanize-ms@1.2.1
20 silly idealTree:prePrune   ├── iconv-lite@0.4.23
20 silly idealTree:prePrune   ├── iferr@1.0.2
20 silly idealTree:prePrune   ├── ignore-walk@3.0.1
20 silly idealTree:prePrune   ├── import-lazy@2.1.0
20 silly idealTree:prePrune   ├── imurmurhash@0.1.4
20 silly idealTree:prePrune   ├── inflight@1.0.6
20 silly idealTree:prePrune   ├── inherits@2.0.3
20 silly idealTree:prePrune   ├── ini@1.3.5
20 silly idealTree:prePrune   ├── init-package-json@1.10.3
20 silly idealTree:prePrune   ├── invert-kv@1.0.0
20 silly idealTree:prePrune   ├── ip-regex@2.1.0
20 silly idealTree:prePrune   ├── ip@1.1.5
20 silly idealTree:prePrune   ├─┬ is-ci@1.1.0
20 silly idealTree:prePrune   │ └── ci-info@1.6.0
20 silly idealTree:prePrune   ├── is-cidr@3.0.0
20 silly idealTree:prePrune   ├── is-fullwidth-code-point@1.0.0
20 silly idealTree:prePrune   ├── is-installed-globally@0.1.0
20 silly idealTree:prePrune   ├── is-npm@1.0.0
20 silly idealTree:prePrune   ├── is-obj@1.0.1
20 silly idealTree:prePrune   ├── is-path-inside@1.0.1
20 silly idealTree:prePrune   ├── is-redirect@1.0.0
20 silly idealTree:prePrune   ├── is-retry-allowed@1.1.0
20 silly idealTree:prePrune   ├── is-stream@1.1.0
20 silly idealTree:prePrune   ├── is-typedarray@1.0.0
20 silly idealTree:prePrune   ├── isarray@1.0.0
20 silly idealTree:prePrune   ├── isexe@2.0.0
20 silly idealTree:prePrune   ├── isstream@0.1.2
20 silly idealTree:prePrune   ├── jsbn@0.1.1
20 silly idealTree:prePrune   ├── json-parse-better-errors@1.0.2
20 silly idealTree:prePrune   ├── json-schema-traverse@0.3.1
20 silly idealTree:prePrune   ├── json-schema@0.2.3
20 silly idealTree:prePrune   ├── json-stringify-safe@5.0.1
20 silly idealTree:prePrune   ├── jsonparse@1.3.1
20 silly idealTree:prePrune   ├── JSONStream@1.3.5
20 silly idealTree:prePrune   ├── jsprim@1.4.1
20 silly idealTree:prePrune   ├── latest-version@3.1.0
20 silly idealTree:prePrune   ├── lazy-property@1.0.0
20 silly idealTree:prePrune   ├── lcid@1.0.0
20 silly idealTree:prePrune   ├── libcipm@3.0.3
20 silly idealTree:prePrune   ├── libnpm@2.0.1
20 silly idealTree:prePrune   ├─┬ libnpmaccess@3.0.1
20 silly idealTree:prePrune   │ └── aproba@2.0.0
20 silly idealTree:prePrune   ├─┬ libnpmconfig@1.2.1
20 silly idealTree:prePrune   │ ├── find-up@3.0.0
20 silly idealTree:prePrune   │ ├── locate-path@3.0.0
20 silly idealTree:prePrune   │ ├── p-limit@2.1.0
20 silly idealTree:prePrune   │ ├── p-locate@3.0.0
20 silly idealTree:prePrune   │ └── p-try@2.0.0
20 silly idealTree:prePrune   ├── libnpmhook@5.0.2
20 silly idealTree:prePrune   ├─┬ libnpmorg@1.0.0
20 silly idealTree:prePrune   │ └── aproba@2.0.0
20 silly idealTree:prePrune   ├── libnpmpublish@1.1.1
20 silly idealTree:prePrune   ├── libnpmsearch@2.0.0
20 silly idealTree:prePrune   ├─┬ libnpmteam@1.0.1
20 silly idealTree:prePrune   │ └── aproba@2.0.0
20 silly idealTree:prePrune   ├── libnpx@10.2.0
20 silly idealTree:prePrune   ├── locate-path@2.0.0
20 silly idealTree:prePrune   ├── lock-verify@2.1.0
20 silly idealTree:prePrune   ├── lockfile@1.0.4
20 silly idealTree:prePrune   ├── lodash._baseindexof@3.1.0
20 silly idealTree:prePrune   ├── lodash._baseuniq@4.6.0
20 silly idealTree:prePrune   ├── lodash._bindcallback@3.0.1
20 silly idealTree:prePrune   ├── lodash._cacheindexof@3.0.2
20 silly idealTree:prePrune   ├── lodash._createcache@3.1.2
20 silly idealTree:prePrune   ├── lodash._createset@4.0.3
20 silly idealTree:prePrune   ├── lodash._getnative@3.9.1
20 silly idealTree:prePrune   ├── lodash._root@3.0.1
20 silly idealTree:prePrune   ├── lodash.clonedeep@4.5.0
20 silly idealTree:prePrune   ├── lodash.restparam@3.6.1
20 silly idealTree:prePrune   ├── lodash.union@4.6.0
20 silly idealTree:prePrune   ├── lodash.uniq@4.5.0
20 silly idealTree:prePrune   ├── lodash.without@4.4.0
20 silly idealTree:prePrune   ├── lowercase-keys@1.0.1
20 silly idealTree:prePrune   ├── lru-cache@4.1.5
20 silly idealTree:prePrune   ├── make-dir@1.3.0
20 silly idealTree:prePrune   ├── make-fetch-happen@4.0.1
20 silly idealTree:prePrune   ├── meant@1.0.1
20 silly idealTree:prePrune   ├── mem@1.1.0
20 silly idealTree:prePrune   ├── mime-db@1.35.0
20 silly idealTree:prePrune   ├── mime-types@2.1.19
20 silly idealTree:prePrune   ├── mimic-fn@1.2.0
20 silly idealTree:prePrune   ├── minimatch@3.0.4
20 silly idealTree:prePrune   ├── minimist@0.0.8
20 silly idealTree:prePrune   ├─┬ minipass@2.3.3
20 silly idealTree:prePrune   │ └── yallist@3.0.2
20 silly idealTree:prePrune   ├── minizlib@1.1.1
20 silly idealTree:prePrune   ├── mississippi@3.0.0
20 silly idealTree:prePrune   ├── mkdirp@0.5.1
20 silly idealTree:prePrune   ├─┬ move-concurrently@1.0.1
20 silly idealTree:prePrune   │ └── aproba@1.2.0
20 silly idealTree:prePrune   ├── ms@2.1.1
20 silly idealTree:prePrune   ├── mute-stream@0.0.7
20 silly idealTree:prePrune   ├── node-fetch-npm@2.0.2
20 silly idealTree:prePrune   ├─┬ node-gyp@3.8.0
20 silly idealTree:prePrune   │ ├── nopt@3.0.6
20 silly idealTree:prePrune   │ ├── semver@5.3.0
20 silly idealTree:prePrune   │ └── tar@2.2.1
20 silly idealTree:prePrune   ├── nopt@4.0.1
20 silly idealTree:prePrune   ├─┬ normalize-package-data@2.5.0
20 silly idealTree:prePrune   │ └── resolve@1.10.0
20 silly idealTree:prePrune   ├── npm-audit-report@1.3.2
20 silly idealTree:prePrune   ├── npm-bundled@1.0.6
20 silly idealTree:prePrune   ├── npm-cache-filename@1.0.2
20 silly idealTree:prePrune   ├── npm-install-checks@3.0.0
20 silly idealTree:prePrune   ├── npm-lifecycle@2.1.0
20 silly idealTree:prePrune   ├── npm-logical-tree@1.2.1
20 silly idealTree:prePrune   ├── npm-package-arg@6.1.0
20 silly idealTree:prePrune   ├── npm-packlist@1.4.1
20 silly idealTree:prePrune   ├── npm-pick-manifest@2.2.3
20 silly idealTree:prePrune   ├── npm-profile@4.0.1
20 silly idealTree:prePrune   ├── npm-registry-fetch@3.9.0
20 silly idealTree:prePrune   ├── npm-run-path@2.0.2
20 silly idealTree:prePrune   ├── npm-user-validate@1.0.0
20 silly idealTree:prePrune   ├── npmlog@4.1.2
20 silly idealTree:prePrune   ├── number-is-nan@1.0.1
20 silly idealTree:prePrune   ├── oauth-sign@0.9.0
20 silly idealTree:prePrune   ├── object-assign@4.1.1
20 silly idealTree:prePrune   ├── once@1.4.0
20 silly idealTree:prePrune   ├── opener@1.5.1
20 silly idealTree:prePrune   ├── os-homedir@1.0.2
20 silly idealTree:prePrune   ├── os-locale@2.1.0
20 silly idealTree:prePrune   ├── os-tmpdir@1.0.2
20 silly idealTree:prePrune   ├── osenv@0.1.5
20 silly idealTree:prePrune   ├── p-finally@1.0.0
20 silly idealTree:prePrune   ├── p-limit@1.2.0
20 silly idealTree:prePrune   ├── p-locate@2.0.0
20 silly idealTree:prePrune   ├── p-try@1.0.0
20 silly idealTree:prePrune   ├── package-json@4.0.1
20 silly idealTree:prePrune   ├─┬ pacote@9.5.0
20 silly idealTree:prePrune   │ ├── lru-cache@5.1.1
20 silly idealTree:prePrune   │ ├── minipass@2.3.5
20 silly idealTree:prePrune   │ └── yallist@3.0.3
20 silly idealTree:prePrune   ├─┬ parallel-transform@1.1.0
20 silly idealTree:prePrune   │ ├── readable-stream@2.3.6
20 silly idealTree:prePrune   │ └── string_decoder@1.1.1
20 silly idealTree:prePrune   ├── path-exists@3.0.0
20 silly idealTree:prePrune   ├── path-is-absolute@1.0.1
20 silly idealTree:prePrune   ├── path-is-inside@1.0.2
20 silly idealTree:prePrune   ├── path-key@2.0.1
20 silly idealTree:prePrune   ├── path-parse@1.0.6
20 silly idealTree:prePrune   ├── performance-now@2.1.0
20 silly idealTree:prePrune   ├── pify@3.0.0
20 silly idealTree:prePrune   ├── prepend-http@1.0.4
20 silly idealTree:prePrune   ├── process-nextick-args@2.0.0
20 silly idealTree:prePrune   ├── promise-inflight@1.0.1
20 silly idealTree:prePrune   ├─┬ promise-retry@1.1.1
20 silly idealTree:prePrune   │ └── retry@0.10.1
20 silly idealTree:prePrune   ├── promzard@0.3.0
20 silly idealTree:prePrune   ├── proto-list@1.2.4
20 silly idealTree:prePrune   ├── protoduck@5.0.1
20 silly idealTree:prePrune   ├── prr@1.0.1
20 silly idealTree:prePrune   ├── pseudomap@1.0.2
20 silly idealTree:prePrune   ├── psl@1.1.29
20 silly idealTree:prePrune   ├── pump@3.0.0
20 silly idealTree:prePrune   ├─┬ pumpify@1.5.1
20 silly idealTree:prePrune   │ └── pump@2.0.1
20 silly idealTree:prePrune   ├── punycode@1.4.1
20 silly idealTree:prePrune   ├── qrcode-terminal@0.12.0
20 silly idealTree:prePrune   ├── qs@6.5.2
20 silly idealTree:prePrune   ├── query-string@6.2.0
20 silly idealTree:prePrune   ├── qw@1.0.1
20 silly idealTree:prePrune   ├─┬ rc@1.2.7
20 silly idealTree:prePrune   │ └── minimist@1.2.0
20 silly idealTree:prePrune   ├── read-cmd-shim@1.0.1
20 silly idealTree:prePrune   ├── read-installed@4.0.3
20 silly idealTree:prePrune   ├── read-package-json@2.0.13
20 silly idealTree:prePrune   ├── read-package-tree@5.2.2
20 silly idealTree:prePrune   ├── read@1.0.7
20 silly idealTree:prePrune   ├── readable-stream@3.1.1
20 silly idealTree:prePrune   ├── readdir-scoped-modules@1.0.2
20 silly idealTree:prePrune   ├── registry-auth-token@3.3.2
20 silly idealTree:prePrune   ├── registry-url@3.1.0
20 silly idealTree:prePrune   ├── request@2.88.0
20 silly idealTree:prePrune   ├── require-directory@2.1.1
20 silly idealTree:prePrune   ├── require-main-filename@1.0.1
20 silly idealTree:prePrune   ├── resolve-from@4.0.0
20 silly idealTree:prePrune   ├── retry@0.12.0
20 silly idealTree:prePrune   ├── rimraf@2.6.3
20 silly idealTree:prePrune   ├─┬ run-queue@1.0.3
20 silly idealTree:prePrune   │ └── aproba@1.2.0
20 silly idealTree:prePrune   ├── safe-buffer@5.1.2
20 silly idealTree:prePrune   ├── safer-buffer@2.1.2
20 silly idealTree:prePrune   ├── semver-diff@2.1.0
20 silly idealTree:prePrune   ├── semver@5.6.0
20 silly idealTree:prePrune   ├── set-blocking@2.0.0
20 silly idealTree:prePrune   ├─┬ sha@2.0.1
20 silly idealTree:prePrune   │ ├── readable-stream@2.3.6
20 silly idealTree:prePrune   │ └── string_decoder@1.1.1
20 silly idealTree:prePrune   ├── shebang-command@1.2.0
20 silly idealTree:prePrune   ├── shebang-regex@1.0.0
20 silly idealTree:prePrune   ├── signal-exit@3.0.2
20 silly idealTree:prePrune   ├── slash@1.0.0
20 silly idealTree:prePrune   ├── slide@1.1.6
20 silly idealTree:prePrune   ├── smart-buffer@4.0.1
20 silly idealTree:prePrune   ├── socks-proxy-agent@4.0.1
20 silly idealTree:prePrune   ├── socks@2.2.0
20 silly idealTree:prePrune   ├── sorted-object@2.0.1
20 silly idealTree:prePrune   ├─┬ sorted-union-stream@2.1.3
20 silly idealTree:prePrune   │ ├── from2@1.3.0
20 silly idealTree:prePrune   │ ├── isarray@0.0.1
20 silly idealTree:prePrune   │ ├── readable-stream@1.1.14
20 silly idealTree:prePrune   │ └── string_decoder@0.10.31
20 silly idealTree:prePrune   ├── spdx-correct@3.0.0
20 silly idealTree:prePrune   ├── spdx-exceptions@2.1.0
20 silly idealTree:prePrune   ├── spdx-expression-parse@3.0.0
20 silly idealTree:prePrune   ├── spdx-license-ids@3.0.3
20 silly idealTree:prePrune   ├── sshpk@1.14.2
20 silly idealTree:prePrune   ├── ssri@6.0.1
20 silly idealTree:prePrune   ├── stream-each@1.2.2
20 silly idealTree:prePrune   ├─┬ stream-iterate@1.2.0
20 silly idealTree:prePrune   │ ├── readable-stream@2.3.6
20 silly idealTree:prePrune   │ └── string_decoder@1.1.1
20 silly idealTree:prePrune   ├── stream-shift@1.0.0
20 silly idealTree:prePrune   ├── strict-uri-encode@2.0.0
20 silly idealTree:prePrune   ├── string_decoder@1.2.0
20 silly idealTree:prePrune   ├─┬ string-width@2.1.1
20 silly idealTree:prePrune   │ ├── ansi-regex@3.0.0
20 silly idealTree:prePrune   │ ├── is-fullwidth-code-point@2.0.0
20 silly idealTree:prePrune   │ └── strip-ansi@4.0.0
20 silly idealTree:prePrune   ├── stringify-package@1.0.0
20 silly idealTree:prePrune   ├── strip-ansi@3.0.1
20 silly idealTree:prePrune   ├── strip-eof@1.0.0
20 silly idealTree:prePrune   ├── strip-json-comments@2.0.1
20 silly idealTree:prePrune   ├── supports-color@5.4.0
20 silly idealTree:prePrune   ├─┬ tar@4.4.8
20 silly idealTree:prePrune   │ ├── chownr@1.1.1
20 silly idealTree:prePrune   │ ├── minipass@2.3.5
20 silly idealTree:prePrune   │ └── yallist@3.0.3
20 silly idealTree:prePrune   ├── term-size@1.2.0
20 silly idealTree:prePrune   ├── text-table@0.2.0
20 silly idealTree:prePrune   ├── through@2.3.8
20 silly idealTree:prePrune   ├─┬ through2@2.0.3
20 silly idealTree:prePrune   │ ├── readable-stream@2.3.6
20 silly idealTree:prePrune   │ └── string_decoder@1.1.1
20 silly idealTree:prePrune   ├── timed-out@4.0.1
20 silly idealTree:prePrune   ├── tiny-relative-date@1.3.0
20 silly idealTree:prePrune   ├── tough-cookie@2.4.3
20 silly idealTree:prePrune   ├── tunnel-agent@0.6.0
20 silly idealTree:prePrune   ├── tweetnacl@0.14.5
20 silly idealTree:prePrune   ├── typedarray@0.0.6
20 silly idealTree:prePrune   ├── uid-number@0.0.6
20 silly idealTree:prePrune   ├── umask@1.1.0
20 silly idealTree:prePrune   ├── unique-filename@1.1.1
20 silly idealTree:prePrune   ├── unique-slug@2.0.0
20 silly idealTree:prePrune   ├── unique-string@1.0.0
20 silly idealTree:prePrune   ├── unpipe@1.0.0
20 silly idealTree:prePrune   ├── unzip-response@2.0.1
20 silly idealTree:prePrune   ├── update-notifier@2.5.0
20 silly idealTree:prePrune   ├── url-parse-lax@1.0.0
20 silly idealTree:prePrune   ├── util-deprecate@1.0.2
20 silly idealTree:prePrune   ├── util-extend@1.0.3
20 silly idealTree:prePrune   ├── uuid@3.3.2
20 silly idealTree:prePrune   ├── validate-npm-package-license@3.0.4
20 silly idealTree:prePrune   ├── validate-npm-package-name@3.0.0
20 silly idealTree:prePrune   ├── verror@1.10.0
20 silly idealTree:prePrune   ├── wcwidth@1.0.1
20 silly idealTree:prePrune   ├── which-module@2.0.0
20 silly idealTree:prePrune   ├── which@1.3.1
20 silly idealTree:prePrune   ├─┬ wide-align@1.1.2
20 silly idealTree:prePrune   │ └── string-width@1.0.2
20 silly idealTree:prePrune   ├── widest-line@2.0.0
20 silly idealTree:prePrune   ├── worker-farm@1.6.0
20 silly idealTree:prePrune   ├─┬ wrap-ansi@2.1.0
20 silly idealTree:prePrune   │ └── string-width@1.0.2
20 silly idealTree:prePrune   ├── wrappy@1.0.2
20 silly idealTree:prePrune   ├── write-file-atomic@2.4.2
20 silly idealTree:prePrune   ├── xdg-basedir@3.0.0
20 silly idealTree:prePrune   ├── xtend@4.0.1
20 silly idealTree:prePrune   ├── y18n@4.0.0
20 silly idealTree:prePrune   ├── yallist@2.1.2
20 silly idealTree:prePrune   ├── yargs-parser@9.0.2
20 silly idealTree:prePrune   └─┬ yargs@11.0.0
20 silly idealTree:prePrune     └── y18n@3.2.1
21 silly loadIdealTree Finishing
22 silly currentTree yallakidz@1.0.0
22 silly currentTree └─┬ npm@6.9.0
22 silly currentTree   ├── abbrev@1.1.1
22 silly currentTree   ├── agent-base@4.2.1
22 silly currentTree   ├── agentkeepalive@3.4.1
22 silly currentTree   ├── ajv@5.5.2
22 silly currentTree   ├── ansi-align@2.0.0
22 silly currentTree   ├── ansi-regex@2.1.1
22 silly currentTree   ├── ansi-styles@3.2.1
22 silly currentTree   ├── ansicolors@0.3.2
22 silly currentTree   ├── ansistyles@0.1.3
22 silly currentTree   ├── aproba@2.0.0
22 silly currentTree   ├── archy@1.0.0
22 silly currentTree   ├─┬ are-we-there-yet@1.1.4
22 silly currentTree   │ ├── readable-stream@2.3.6
22 silly currentTree   │ └── string_decoder@1.1.1
22 silly currentTree   ├── asap@2.0.6
22 silly currentTree   ├── asn1@0.2.4
22 silly currentTree   ├── assert-plus@1.0.0
22 silly currentTree   ├── asynckit@0.4.0
22 silly currentTree   ├── aws-sign2@0.7.0
22 silly currentTree   ├── aws4@1.8.0
22 silly currentTree   ├── balanced-match@1.0.0
22 silly currentTree   ├── bcrypt-pbkdf@1.0.2
22 silly currentTree   ├── bin-links@1.1.2
22 silly currentTree   ├── block-stream@0.0.9
22 silly currentTree   ├── bluebird@3.5.3
22 silly currentTree   ├── boxen@1.3.0
22 silly currentTree   ├── brace-expansion@1.1.11
22 silly currentTree   ├── buffer-from@1.0.0
22 silly currentTree   ├── builtins@1.0.3
22 silly currentTree   ├── byline@5.0.0
22 silly currentTree   ├── byte-size@5.0.1
22 silly currentTree   ├─┬ cacache@11.3.2
22 silly currentTree   │ ├── chownr@1.1.1
22 silly currentTree   │ ├── lru-cache@5.1.1
22 silly currentTree   │ ├── unique-filename@1.1.1
22 silly currentTree   │ └── yallist@3.0.3
22 silly currentTree   ├── call-limit@1.1.0
22 silly currentTree   ├── camelcase@4.1.0
22 silly currentTree   ├── capture-stack-trace@1.0.0
22 silly currentTree   ├── caseless@0.12.0
22 silly currentTree   ├── chalk@2.4.1
22 silly currentTree   ├── chownr@1.1.1
22 silly currentTree   ├── ci-info@2.0.0
22 silly currentTree   ├── cidr-regex@2.0.10
22 silly currentTree   ├── cli-boxes@1.0.0
22 silly currentTree   ├── cli-columns@3.1.2
22 silly currentTree   ├── cli-table3@0.5.1
22 silly currentTree   ├─┬ cliui@4.1.0
22 silly currentTree   │ ├── ansi-regex@3.0.0
22 silly currentTree   │ └── strip-ansi@4.0.0
22 silly currentTree   ├── clone@1.0.4
22 silly currentTree   ├── cmd-shim@2.0.2
22 silly currentTree   ├── co@4.6.0
22 silly currentTree   ├── code-point-at@1.1.0
22 silly currentTree   ├── color-convert@1.9.1
22 silly currentTree   ├── color-name@1.1.3
22 silly currentTree   ├── colors@1.3.3
22 silly currentTree   ├── columnify@1.5.4
22 silly currentTree   ├── combined-stream@1.0.6
22 silly currentTree   ├── concat-map@0.0.1
22 silly currentTree   ├─┬ concat-stream@1.6.2
22 silly currentTree   │ ├── readable-stream@2.3.6
22 silly currentTree   │ └── string_decoder@1.1.1
22 silly currentTree   ├── config-chain@1.1.12
22 silly currentTree   ├── configstore@3.1.2
22 silly currentTree   ├── console-control-strings@1.1.0
22 silly currentTree   ├─┬ copy-concurrently@1.0.5
22 silly currentTree   │ ├── aproba@1.2.0
22 silly currentTree   │ └── iferr@0.1.5
22 silly currentTree   ├── core-util-is@1.0.2
22 silly currentTree   ├── create-error-class@3.0.2
22 silly currentTree   ├── cross-spawn@5.1.0
22 silly currentTree   ├── crypto-random-string@1.0.0
22 silly currentTree   ├── cyclist@0.2.2
22 silly currentTree   ├── dashdash@1.14.1
22 silly currentTree   ├─┬ debug@3.1.0
22 silly currentTree   │ └── ms@2.0.0
22 silly currentTree   ├── debuglog@1.0.1
22 silly currentTree   ├── decamelize@1.2.0
22 silly currentTree   ├── decode-uri-component@0.2.0
22 silly currentTree   ├── deep-extend@0.5.1
22 silly currentTree   ├── defaults@1.0.3
22 silly currentTree   ├── delayed-stream@1.0.0
22 silly currentTree   ├── delegates@1.0.0
22 silly currentTree   ├── detect-indent@5.0.0
22 silly currentTree   ├── detect-newline@2.1.0
22 silly currentTree   ├── dezalgo@1.0.3
22 silly currentTree   ├── dot-prop@4.2.0
22 silly currentTree   ├── dotenv@5.0.1
22 silly currentTree   ├── duplexer3@0.1.4
22 silly currentTree   ├─┬ duplexify@3.6.0
22 silly currentTree   │ ├── readable-stream@2.3.6
22 silly currentTree   │ └── string_decoder@1.1.1
22 silly currentTree   ├── ecc-jsbn@0.1.2
22 silly currentTree   ├── editor@1.0.0
22 silly currentTree   ├── encoding@0.1.12
22 silly currentTree   ├── end-of-stream@1.4.1
22 silly currentTree   ├── err-code@1.1.2
22 silly currentTree   ├── errno@0.1.7
22 silly currentTree   ├── es6-promise@4.2.6
22 silly currentTree   ├── es6-promisify@5.0.0
22 silly currentTree   ├── escape-string-regexp@1.0.5
22 silly currentTree   ├─┬ execa@0.7.0
22 silly currentTree   │ └── get-stream@3.0.0
22 silly currentTree   ├── extend@3.0.2
22 silly currentTree   ├── extsprintf@1.3.0
22 silly currentTree   ├── fast-deep-equal@1.1.0
22 silly currentTree   ├── fast-json-stable-stringify@2.0.0
22 silly currentTree   ├── figgy-pudding@3.5.1
22 silly currentTree   ├── find-npm-prefix@1.0.2
22 silly currentTree   ├── find-up@2.1.0
22 silly currentTree   ├─┬ flush-write-stream@1.0.3
22 silly currentTree   │ ├── readable-stream@2.3.6
22 silly currentTree   │ └── string_decoder@1.1.1
22 silly currentTree   ├── forever-agent@0.6.1
22 silly currentTree   ├── form-data@2.3.2
22 silly currentTree   ├─┬ from2@2.3.0
22 silly currentTree   │ ├── readable-stream@2.3.6
22 silly currentTree   │ └── string_decoder@1.1.1
22 silly currentTree   ├── fs-minipass@1.2.5
22 silly currentTree   ├── fs-vacuum@1.2.10
22 silly currentTree   ├─┬ fs-write-stream-atomic@1.0.10
22 silly currentTree   │ ├── iferr@0.1.5
22 silly currentTree   │ ├── readable-stream@2.3.6
22 silly currentTree   │ └── string_decoder@1.1.1
22 silly currentTree   ├── fs.realpath@1.0.0
22 silly currentTree   ├── fstream@1.0.11
22 silly currentTree   ├─┬ gauge@2.7.4
22 silly currentTree   │ ├── aproba@1.2.0
22 silly currentTree   │ └── string-width@1.0.2
22 silly currentTree   ├── genfun@5.0.0
22 silly currentTree   ├─┬ gentle-fs@2.0.1
22 silly currentTree   │ ├── aproba@1.2.0
22 silly currentTree   │ └── iferr@0.1.5
22 silly currentTree   ├── get-caller-file@1.0.2
22 silly currentTree   ├── get-stream@4.1.0
22 silly currentTree   ├── getpass@0.1.7
22 silly currentTree   ├── glob@7.1.3
22 silly currentTree   ├── global-dirs@0.1.1
22 silly currentTree   ├─┬ got@6.7.1
22 silly currentTree   │ └── get-stream@3.0.0
22 silly currentTree   ├── graceful-fs@4.1.15
22 silly currentTree   ├── har-schema@2.0.0
22 silly currentTree   ├── har-validator@5.1.0
22 silly currentTree   ├── has-flag@3.0.0
22 silly currentTree   ├── has-unicode@2.0.1
22 silly currentTree   ├── hosted-git-info@2.7.1
22 silly currentTree   ├── http-cache-semantics@3.8.1
22 silly currentTree   ├── http-proxy-agent@2.1.0
22 silly currentTree   ├── http-signature@1.2.0
22 silly currentTree   ├── https-proxy-agent@2.2.1
22 silly currentTree   ├── humanize-ms@1.2.1
22 silly currentTree   ├── iconv-lite@0.4.23
22 silly currentTree   ├── iferr@1.0.2
22 silly currentTree   ├── ignore-walk@3.0.1
22 silly currentTree   ├── import-lazy@2.1.0
22 silly currentTree   ├── imurmurhash@0.1.4
22 silly currentTree   ├── inflight@1.0.6
22 silly currentTree   ├── inherits@2.0.3
22 silly currentTree   ├── ini@1.3.5
22 silly currentTree   ├── init-package-json@1.10.3
22 silly currentTree   ├── invert-kv@1.0.0
22 silly currentTree   ├── ip-regex@2.1.0
22 silly currentTree   ├── ip@1.1.5
22 silly currentTree   ├─┬ is-ci@1.1.0
22 silly currentTree   │ └── ci-info@1.6.0
22 silly currentTree   ├── is-cidr@3.0.0
22 silly currentTree   ├── is-fullwidth-code-point@1.0.0
22 silly currentTree   ├── is-installed-globally@0.1.0
22 silly currentTree   ├── is-npm@1.0.0
22 silly currentTree   ├── is-obj@1.0.1
22 silly currentTree   ├── is-path-inside@1.0.1
22 silly currentTree   ├── is-redirect@1.0.0
22 silly currentTree   ├── is-retry-allowed@1.1.0
22 silly currentTree   ├── is-stream@1.1.0
22 silly currentTree   ├── is-typedarray@1.0.0
22 silly currentTree   ├── isarray@1.0.0
22 silly currentTree   ├── isexe@2.0.0
22 silly currentTree   ├── isstream@0.1.2
22 silly currentTree   ├── jsbn@0.1.1
22 silly currentTree   ├── json-parse-better-errors@1.0.2
22 silly currentTree   ├── json-schema-traverse@0.3.1
22 silly currentTree   ├── json-schema@0.2.3
22 silly currentTree   ├── json-stringify-safe@5.0.1
22 silly currentTree   ├── jsonparse@1.3.1
22 silly currentTree   ├── JSONStream@1.3.5
22 silly currentTree   ├── jsprim@1.4.1
22 silly currentTree   ├── latest-version@3.1.0
22 silly currentTree   ├── lazy-property@1.0.0
22 silly currentTree   ├── lcid@1.0.0
22 silly currentTree   ├── libcipm@3.0.3
22 silly currentTree   ├── libnpm@2.0.1
22 silly currentTree   ├─┬ libnpmaccess@3.0.1
22 silly currentTree   │ └── aproba@2.0.0
22 silly currentTree   ├─┬ libnpmconfig@1.2.1
22 silly currentTree   │ ├── find-up@3.0.0
22 silly currentTree   │ ├── locate-path@3.0.0
22 silly currentTree   │ ├── p-limit@2.1.0
22 silly currentTree   │ ├── p-locate@3.0.0
22 silly currentTree   │ └── p-try@2.0.0
22 silly currentTree   ├── libnpmhook@5.0.2
22 silly currentTree   ├─┬ libnpmorg@1.0.0
22 silly currentTree   │ └── aproba@2.0.0
22 silly currentTree   ├── libnpmpublish@1.1.1
22 silly currentTree   ├── libnpmsearch@2.0.0
22 silly currentTree   ├─┬ libnpmteam@1.0.1
22 silly currentTree   │ └── aproba@2.0.0
22 silly currentTree   ├── libnpx@10.2.0
22 silly currentTree   ├── locate-path@2.0.0
22 silly currentTree   ├── lock-verify@2.1.0
22 silly currentTree   ├── lockfile@1.0.4
22 silly currentTree   ├── lodash._baseindexof@3.1.0
22 silly currentTree   ├── lodash._baseuniq@4.6.0
22 silly currentTree   ├── lodash._bindcallback@3.0.1
22 silly currentTree   ├── lodash._cacheindexof@3.0.2
22 silly currentTree   ├── lodash._createcache@3.1.2
22 silly currentTree   ├── lodash._createset@4.0.3
22 silly currentTree   ├── lodash._getnative@3.9.1
22 silly currentTree   ├── lodash._root@3.0.1
22 silly currentTree   ├── lodash.clonedeep@4.5.0
22 silly currentTree   ├── lodash.restparam@3.6.1
22 silly currentTree   ├── lodash.union@4.6.0
22 silly currentTree   ├── lodash.uniq@4.5.0
22 silly currentTree   ├── lodash.without@4.4.0
22 silly currentTree   ├── lowercase-keys@1.0.1
22 silly currentTree   ├── lru-cache@4.1.5
22 silly currentTree   ├── make-dir@1.3.0
22 silly currentTree   ├── make-fetch-happen@4.0.1
22 silly currentTree   ├── meant@1.0.1
22 silly currentTree   ├── mem@1.1.0
22 silly currentTree   ├── mime-db@1.35.0
22 silly currentTree   ├── mime-types@2.1.19
22 silly currentTree   ├── mimic-fn@1.2.0
22 silly currentTree   ├── minimatch@3.0.4
22 silly currentTree   ├── minimist@0.0.8
22 silly currentTree   ├─┬ minipass@2.3.3
22 silly currentTree   │ └── yallist@3.0.2
22 silly currentTree   ├── minizlib@1.1.1
22 silly currentTree   ├── mississippi@3.0.0
22 silly currentTree   ├── mkdirp@0.5.1
22 silly currentTree   ├─┬ move-concurrently@1.0.1
22 silly currentTree   │ └── aproba@1.2.0
22 silly currentTree   ├── ms@2.1.1
22 silly currentTree   ├── mute-stream@0.0.7
22 silly currentTree   ├── node-fetch-npm@2.0.2
22 silly currentTree   ├─┬ node-gyp@3.8.0
22 silly currentTree   │ ├── nopt@3.0.6
22 silly currentTree   │ ├── semver@5.3.0
22 silly currentTree   │ └── tar@2.2.1
22 silly currentTree   ├── nopt@4.0.1
22 silly currentTree   ├─┬ normalize-package-data@2.5.0
22 silly currentTree   │ └── resolve@1.10.0
22 silly currentTree   ├── npm-audit-report@1.3.2
22 silly currentTree   ├── npm-bundled@1.0.6
22 silly currentTree   ├── npm-cache-filename@1.0.2
22 silly currentTree   ├── npm-install-checks@3.0.0
22 silly currentTree   ├── npm-lifecycle@2.1.0
22 silly currentTree   ├── npm-logical-tree@1.2.1
22 silly currentTree   ├── npm-package-arg@6.1.0
22 silly currentTree   ├── npm-packlist@1.4.1
22 silly currentTree   ├── npm-pick-manifest@2.2.3
22 silly currentTree   ├── npm-profile@4.0.1
22 silly currentTree   ├── npm-registry-fetch@3.9.0
22 silly currentTree   ├── npm-run-path@2.0.2
22 silly currentTree   ├── npm-user-validate@1.0.0
22 silly currentTree   ├── npmlog@4.1.2
22 silly currentTree   ├── number-is-nan@1.0.1
22 silly currentTree   ├── oauth-sign@0.9.0
22 silly currentTree   ├── object-assign@4.1.1
22 silly currentTree   ├── once@1.4.0
22 silly currentTree   ├── opener@1.5.1
22 silly currentTree   ├── os-homedir@1.0.2
22 silly currentTree   ├── os-locale@2.1.0
22 silly currentTree   ├── os-tmpdir@1.0.2
22 silly currentTree   ├── osenv@0.1.5
22 silly currentTree   ├── p-finally@1.0.0
22 silly currentTree   ├── p-limit@1.2.0
22 silly currentTree   ├── p-locate@2.0.0
22 silly currentTree   ├── p-try@1.0.0
22 silly currentTree   ├── package-json@4.0.1
22 silly currentTree   ├─┬ pacote@9.5.0
22 silly currentTree   │ ├── lru-cache@5.1.1
22 silly currentTree   │ ├── minipass@2.3.5
22 silly currentTree   │ └── yallist@3.0.3
22 silly currentTree   ├─┬ parallel-transform@1.1.0
22 silly currentTree   │ ├── readable-stream@2.3.6
22 silly currentTree   │ └── string_decoder@1.1.1
22 silly currentTree   ├── path-exists@3.0.0
22 silly currentTree   ├── path-is-absolute@1.0.1
22 silly currentTree   ├── path-is-inside@1.0.2
22 silly currentTree   ├── path-key@2.0.1
22 silly currentTree   ├── path-parse@1.0.6
22 silly currentTree   ├── performance-now@2.1.0
22 silly currentTree   ├── pify@3.0.0
22 silly currentTree   ├── prepend-http@1.0.4
22 silly currentTree   ├── process-nextick-args@2.0.0
22 silly currentTree   ├── promise-inflight@1.0.1
22 silly currentTree   ├─┬ promise-retry@1.1.1
22 silly currentTree   │ └── retry@0.10.1
22 silly currentTree   ├── promzard@0.3.0
22 silly currentTree   ├── proto-list@1.2.4
22 silly currentTree   ├── protoduck@5.0.1
22 silly currentTree   ├── prr@1.0.1
22 silly currentTree   ├── pseudomap@1.0.2
22 silly currentTree   ├── psl@1.1.29
22 silly currentTree   ├── pump@3.0.0
22 silly currentTree   ├─┬ pumpify@1.5.1
22 silly currentTree   │ └── pump@2.0.1
22 silly currentTree   ├── punycode@1.4.1
22 silly currentTree   ├── qrcode-terminal@0.12.0
22 silly currentTree   ├── qs@6.5.2
22 silly currentTree   ├── query-string@6.2.0
22 silly currentTree   ├── qw@1.0.1
22 silly currentTree   ├─┬ rc@1.2.7
22 silly currentTree   │ └── minimist@1.2.0
22 silly currentTree   ├── read-cmd-shim@1.0.1
22 silly currentTree   ├── read-installed@4.0.3
22 silly currentTree   ├── read-package-json@2.0.13
22 silly currentTree   ├── read-package-tree@5.2.2
22 silly currentTree   ├── read@1.0.7
22 silly currentTree   ├── readable-stream@3.1.1
22 silly currentTree   ├── readdir-scoped-modules@1.0.2
22 silly currentTree   ├── registry-auth-token@3.3.2
22 silly currentTree   ├── registry-url@3.1.0
22 silly currentTree   ├── request@2.88.0
22 silly currentTree   ├── require-directory@2.1.1
22 silly currentTree   ├── require-main-filename@1.0.1
22 silly currentTree   ├── resolve-from@4.0.0
22 silly currentTree   ├── retry@0.12.0
22 silly currentTree   ├── rimraf@2.6.3
22 silly currentTree   ├─┬ run-queue@1.0.3
22 silly currentTree   │ └── aproba@1.2.0
22 silly currentTree   ├── safe-buffer@5.1.2
22 silly currentTree   ├── safer-buffer@2.1.2
22 silly currentTree   ├── semver-diff@2.1.0
22 silly currentTree   ├── semver@5.6.0
22 silly currentTree   ├── set-blocking@2.0.0
22 silly currentTree   ├─┬ sha@2.0.1
22 silly currentTree   │ ├── readable-stream@2.3.6
22 silly currentTree   │ └── string_decoder@1.1.1
22 silly currentTree   ├── shebang-command@1.2.0
22 silly currentTree   ├── shebang-regex@1.0.0
22 silly currentTree   ├── signal-exit@3.0.2
22 silly currentTree   ├── slash@1.0.0
22 silly currentTree   ├── slide@1.1.6
22 silly currentTree   ├── smart-buffer@4.0.1
22 silly currentTree   ├── socks-proxy-agent@4.0.1
22 silly currentTree   ├── socks@2.2.0
22 silly currentTree   ├── sorted-object@2.0.1
22 silly currentTree   ├─┬ sorted-union-stream@2.1.3
22 silly currentTree   │ ├── from2@1.3.0
22 silly currentTree   │ ├── isarray@0.0.1
22 silly currentTree   │ ├── readable-stream@1.1.14
22 silly currentTree   │ └── string_decoder@0.10.31
22 silly currentTree   ├── spdx-correct@3.0.0
22 silly currentTree   ├── spdx-exceptions@2.1.0
22 silly currentTree   ├── spdx-expression-parse@3.0.0
22 silly currentTree   ├── spdx-license-ids@3.0.3
22 silly currentTree   ├── sshpk@1.14.2
22 silly currentTree   ├── ssri@6.0.1
22 silly currentTree   ├── stream-each@1.2.2
22 silly currentTree   ├─┬ stream-iterate@1.2.0
22 silly currentTree   │ ├── readable-stream@2.3.6
22 silly currentTree   │ └── string_decoder@1.1.1
22 silly currentTree   ├── stream-shift@1.0.0
22 silly currentTree   ├── strict-uri-encode@2.0.0
22 silly currentTree   ├── string_decoder@1.2.0
22 silly currentTree   ├─┬ string-width@2.1.1
22 silly currentTree   │ ├── ansi-regex@3.0.0
22 silly currentTree   │ ├── is-fullwidth-code-point@2.0.0
22 silly currentTree   │ └── strip-ansi@4.0.0
22 silly currentTree   ├── stringify-package@1.0.0
22 silly currentTree   ├── strip-ansi@3.0.1
22 silly currentTree   ├── strip-eof@1.0.0
22 silly currentTree   ├── strip-json-comments@2.0.1
22 silly currentTree   ├── supports-color@5.4.0
22 silly currentTree   ├─┬ tar@4.4.8
22 silly currentTree   │ ├── chownr@1.1.1
22 silly currentTree   │ ├── minipass@2.3.5
22 silly currentTree   │ └── yallist@3.0.3
22 silly currentTree   ├── term-size@1.2.0
22 silly currentTree   ├── text-table@0.2.0
22 silly currentTree   ├── through@2.3.8
22 silly currentTree   ├─┬ through2@2.0.3
22 silly currentTree   │ ├── readable-stream@2.3.6
22 silly currentTree   │ └── string_decoder@1.1.1
22 silly currentTree   ├── timed-out@4.0.1
22 silly currentTree   ├── tiny-relative-date@1.3.0
22 silly currentTree   ├── tough-cookie@2.4.3
22 silly currentTree   ├── tunnel-agent@0.6.0
22 silly currentTree   ├── tweetnacl@0.14.5
22 silly currentTree   ├── typedarray@0.0.6
22 silly currentTree   ├── uid-number@0.0.6
22 silly currentTree   ├── umask@1.1.0
22 silly currentTree   ├── unique-filename@1.1.1
22 silly currentTree   ├── unique-slug@2.0.0
22 silly currentTree   ├── unique-string@1.0.0
22 silly currentTree   ├── unpipe@1.0.0
22 silly currentTree   ├── unzip-response@2.0.1
22 silly currentTree   ├── update-notifier@2.5.0
22 silly currentTree   ├── url-parse-lax@1.0.0
22 silly currentTree   ├── util-deprecate@1.0.2
22 silly currentTree   ├── util-extend@1.0.3
22 silly currentTree   ├── uuid@3.3.2
22 silly currentTree   ├── validate-npm-package-license@3.0.4
22 silly currentTree   ├── validate-npm-package-name@3.0.0
22 silly currentTree   ├── verror@1.10.0
22 silly currentTree   ├── wcwidth@1.0.1
22 silly currentTree   ├── which-module@2.0.0
22 silly currentTree   ├── which@1.3.1
22 silly currentTree   ├─┬ wide-align@1.1.2
22 silly currentTree   │ └── string-width@1.0.2
22 silly currentTree   ├── widest-line@2.0.0
22 silly currentTree   ├── worker-farm@1.6.0
22 silly currentTree   ├─┬ wrap-ansi@2.1.0
22 silly currentTree   │ └── string-width@1.0.2
22 silly currentTree   ├── wrappy@1.0.2
22 silly currentTree   ├── write-file-atomic@2.4.2
22 silly currentTree   ├── xdg-basedir@3.0.0
22 silly currentTree   ├── xtend@4.0.1
22 silly currentTree   ├── y18n@4.0.0
22 silly currentTree   ├── yallist@2.1.2
22 silly currentTree   ├── yargs-parser@9.0.2
22 silly currentTree   └─┬ yargs@11.0.0
22 silly currentTree     └── y18n@3.2.1
23 silly idealTree yallakidz@1.0.0
23 silly idealTree └─┬ npm@6.9.0
23 silly idealTree   ├── abbrev@1.1.1
23 silly idealTree   ├── agent-base@4.2.1
23 silly idealTree   ├── agentkeepalive@3.4.1
23 silly idealTree   ├── ajv@5.5.2
23 silly idealTree   ├── ansi-align@2.0.0
23 silly idealTree   ├── ansi-regex@2.1.1
23 silly idealTree   ├── ansi-styles@3.2.1
23 silly idealTree   ├── ansicolors@0.3.2
23 silly idealTree   ├── ansistyles@0.1.3
23 silly idealTree   ├── aproba@2.0.0
23 silly idealTree   ├── archy@1.0.0
23 silly idealTree   ├─┬ are-we-there-yet@1.1.4
23 silly idealTree   │ ├── readable-stream@2.3.6
23 silly idealTree   │ └── string_decoder@1.1.1
23 silly idealTree   ├── asap@2.0.6
23 silly idealTree   ├── asn1@0.2.4
23 silly idealTree   ├── assert-plus@1.0.0
23 silly idealTree   ├── asynckit@0.4.0
23 silly idealTree   ├── aws-sign2@0.7.0
23 silly idealTree   ├── aws4@1.8.0
23 silly idealTree   ├── balanced-match@1.0.0
23 silly idealTree   ├── bcrypt-pbkdf@1.0.2
23 silly idealTree   ├── bin-links@1.1.2
23 silly idealTree   ├── block-stream@0.0.9
23 silly idealTree   ├── bluebird@3.5.3
23 silly idealTree   ├── boxen@1.3.0
23 silly idealTree   ├── brace-expansion@1.1.11
23 silly idealTree   ├── buffer-from@1.0.0
23 silly idealTree   ├── builtins@1.0.3
23 silly idealTree   ├── byline@5.0.0
23 silly idealTree   ├── byte-size@5.0.1
23 silly idealTree   ├─┬ cacache@11.3.2
23 silly idealTree   │ ├── chownr@1.1.1
23 silly idealTree   │ ├── lru-cache@5.1.1
23 silly idealTree   │ ├── unique-filename@1.1.1
23 silly idealTree   │ └── yallist@3.0.3
23 silly idealTree   ├── call-limit@1.1.0
23 silly idealTree   ├── camelcase@4.1.0
23 silly idealTree   ├── capture-stack-trace@1.0.0
23 silly idealTree   ├── caseless@0.12.0
23 silly idealTree   ├── chalk@2.4.1
23 silly idealTree   ├── chownr@1.1.1
23 silly idealTree   ├── ci-info@2.0.0
23 silly idealTree   ├── cidr-regex@2.0.10
23 silly idealTree   ├── cli-boxes@1.0.0
23 silly idealTree   ├── cli-columns@3.1.2
23 silly idealTree   ├── cli-table3@0.5.1
23 silly idealTree   ├─┬ cliui@4.1.0
23 silly idealTree   │ ├── ansi-regex@3.0.0
23 silly idealTree   │ └── strip-ansi@4.0.0
23 silly idealTree   ├── clone@1.0.4
23 silly idealTree   ├── cmd-shim@2.0.2
23 silly idealTree   ├── co@4.6.0
23 silly idealTree   ├── code-point-at@1.1.0
23 silly idealTree   ├── color-convert@1.9.1
23 silly idealTree   ├── color-name@1.1.3
23 silly idealTree   ├── colors@1.3.3
23 silly idealTree   ├── columnify@1.5.4
23 silly idealTree   ├── combined-stream@1.0.6
23 silly idealTree   ├── concat-map@0.0.1
23 silly idealTree   ├─┬ concat-stream@1.6.2
23 silly idealTree   │ ├── readable-stream@2.3.6
23 silly idealTree   │ └── string_decoder@1.1.1
23 silly idealTree   ├── config-chain@1.1.12
23 silly idealTree   ├── configstore@3.1.2
23 silly idealTree   ├── console-control-strings@1.1.0
23 silly idealTree   ├─┬ copy-concurrently@1.0.5
23 silly idealTree   │ ├── aproba@1.2.0
23 silly idealTree   │ └── iferr@0.1.5
23 silly idealTree   ├── core-util-is@1.0.2
23 silly idealTree   ├── create-error-class@3.0.2
23 silly idealTree   ├── cross-spawn@5.1.0
23 silly idealTree   ├── crypto-random-string@1.0.0
23 silly idealTree   ├── cyclist@0.2.2
23 silly idealTree   ├── dashdash@1.14.1
23 silly idealTree   ├─┬ debug@3.1.0
23 silly idealTree   │ └── ms@2.0.0
23 silly idealTree   ├── debuglog@1.0.1
23 silly idealTree   ├── decamelize@1.2.0
23 silly idealTree   ├── decode-uri-component@0.2.0
23 silly idealTree   ├── deep-extend@0.5.1
23 silly idealTree   ├── defaults@1.0.3
23 silly idealTree   ├── delayed-stream@1.0.0
23 silly idealTree   ├── delegates@1.0.0
23 silly idealTree   ├── detect-indent@5.0.0
23 silly idealTree   ├── detect-newline@2.1.0
23 silly idealTree   ├── dezalgo@1.0.3
23 silly idealTree   ├── dot-prop@4.2.0
23 silly idealTree   ├── dotenv@5.0.1
23 silly idealTree   ├── duplexer3@0.1.4
23 silly idealTree   ├─┬ duplexify@3.6.0
23 silly idealTree   │ ├── readable-stream@2.3.6
23 silly idealTree   │ └── string_decoder@1.1.1
23 silly idealTree   ├── ecc-jsbn@0.1.2
23 silly idealTree   ├── editor@1.0.0
23 silly idealTree   ├── encoding@0.1.12
23 silly idealTree   ├── end-of-stream@1.4.1
23 silly idealTree   ├── err-code@1.1.2
23 silly idealTree   ├── errno@0.1.7
23 silly idealTree   ├── es6-promise@4.2.6
23 silly idealTree   ├── es6-promisify@5.0.0
23 silly idealTree   ├── escape-string-regexp@1.0.5
23 silly idealTree   ├─┬ execa@0.7.0
23 silly idealTree   │ └── get-stream@3.0.0
23 silly idealTree   ├── extend@3.0.2
23 silly idealTree   ├── extsprintf@1.3.0
23 silly idealTree   ├── fast-deep-equal@1.1.0
23 silly idealTree   ├── fast-json-stable-stringify@2.0.0
23 silly idealTree   ├── figgy-pudding@3.5.1
23 silly idealTree   ├── find-npm-prefix@1.0.2
23 silly idealTree   ├── find-up@2.1.0
23 silly idealTree   ├─┬ flush-write-stream@1.0.3
23 silly idealTree   │ ├── readable-stream@2.3.6
23 silly idealTree   │ └── string_decoder@1.1.1
23 silly idealTree   ├── forever-agent@0.6.1
23 silly idealTree   ├── form-data@2.3.2
23 silly idealTree   ├─┬ from2@2.3.0
23 silly idealTree   │ ├── readable-stream@2.3.6
23 silly idealTree   │ └── string_decoder@1.1.1
23 silly idealTree   ├── fs-minipass@1.2.5
23 silly idealTree   ├── fs-vacuum@1.2.10
23 silly idealTree   ├─┬ fs-write-stream-atomic@1.0.10
23 silly idealTree   │ ├── iferr@0.1.5
23 silly idealTree   │ ├── readable-stream@2.3.6
23 silly idealTree   │ └── string_decoder@1.1.1
23 silly idealTree   ├── fs.realpath@1.0.0
23 silly idealTree   ├── fstream@1.0.11
23 silly idealTree   ├─┬ gauge@2.7.4
23 silly idealTree   │ ├── aproba@1.2.0
23 silly idealTree   │ └── string-width@1.0.2
23 silly idealTree   ├── genfun@5.0.0
23 silly idealTree   ├─┬ gentle-fs@2.0.1
23 silly idealTree   │ ├── aproba@1.2.0
23 silly idealTree   │ └── iferr@0.1.5
23 silly idealTree   ├── get-caller-file@1.0.2
23 silly idealTree   ├── get-stream@4.1.0
23 silly idealTree   ├── getpass@0.1.7
23 silly idealTree   ├── glob@7.1.3
23 silly idealTree   ├── global-dirs@0.1.1
23 silly idealTree   ├─┬ got@6.7.1
23 silly idealTree   │ └── get-stream@3.0.0
23 silly idealTree   ├── graceful-fs@4.1.15
23 silly idealTree   ├── har-schema@2.0.0
23 silly idealTree   ├── har-validator@5.1.0
23 silly idealTree   ├── has-flag@3.0.0
23 silly idealTree   ├── has-unicode@2.0.1
23 silly idealTree   ├── hosted-git-info@2.7.1
23 silly idealTree   ├── http-cache-semantics@3.8.1
23 silly idealTree   ├── http-proxy-agent@2.1.0
23 silly idealTree   ├── http-signature@1.2.0
23 silly idealTree   ├── https-proxy-agent@2.2.1
23 silly idealTree   ├── humanize-ms@1.2.1
23 silly idealTree   ├── iconv-lite@0.4.23
23 silly idealTree   ├── iferr@1.0.2
23 silly idealTree   ├── ignore-walk@3.0.1
23 silly idealTree   ├── import-lazy@2.1.0
23 silly idealTree   ├── imurmurhash@0.1.4
23 silly idealTree   ├── inflight@1.0.6
23 silly idealTree   ├── inherits@2.0.3
23 silly idealTree   ├── ini@1.3.5
23 silly idealTree   ├── init-package-json@1.10.3
23 silly idealTree   ├── invert-kv@1.0.0
23 silly idealTree   ├── ip-regex@2.1.0
23 silly idealTree   ├── ip@1.1.5
23 silly idealTree   ├─┬ is-ci@1.1.0
23 silly idealTree   │ └── ci-info@1.6.0
23 silly idealTree   ├── is-cidr@3.0.0
23 silly idealTree   ├── is-fullwidth-code-point@1.0.0
23 silly idealTree   ├── is-installed-globally@0.1.0
23 silly idealTree   ├── is-npm@1.0.0
23 silly idealTree   ├── is-obj@1.0.1
23 silly idealTree   ├── is-path-inside@1.0.1
23 silly idealTree   ├── is-redirect@1.0.0
23 silly idealTree   ├── is-retry-allowed@1.1.0
23 silly idealTree   ├── is-stream@1.1.0
23 silly idealTree   ├── is-typedarray@1.0.0
23 silly idealTree   ├── isarray@1.0.0
23 silly idealTree   ├── isexe@2.0.0
23 silly idealTree   ├── isstream@0.1.2
23 silly idealTree   ├── jsbn@0.1.1
23 silly idealTree   ├── json-parse-better-errors@1.0.2
23 silly idealTree   ├── json-schema-traverse@0.3.1
23 silly idealTree   ├── json-schema@0.2.3
23 silly idealTree   ├── json-stringify-safe@5.0.1
23 silly idealTree   ├── jsonparse@1.3.1
23 silly idealTree   ├── JSONStream@1.3.5
23 silly idealTree   ├── jsprim@1.4.1
23 silly idealTree   ├── latest-version@3.1.0
23 silly idealTree   ├── lazy-property@1.0.0
23 silly idealTree   ├── lcid@1.0.0
23 silly idealTree   ├── libcipm@3.0.3
23 silly idealTree   ├── libnpm@2.0.1
23 silly idealTree   ├─┬ libnpmaccess@3.0.1
23 silly idealTree   │ └── aproba@2.0.0
23 silly idealTree   ├─┬ libnpmconfig@1.2.1
23 silly idealTree   │ ├── find-up@3.0.0
23 silly idealTree   │ ├── locate-path@3.0.0
23 silly idealTree   │ ├── p-limit@2.1.0
23 silly idealTree   │ ├── p-locate@3.0.0
23 silly idealTree   │ └── p-try@2.0.0
23 silly idealTree   ├── libnpmhook@5.0.2
23 silly idealTree   ├─┬ libnpmorg@1.0.0
23 silly idealTree   │ └── aproba@2.0.0
23 silly idealTree   ├── libnpmpublish@1.1.1
23 silly idealTree   ├── libnpmsearch@2.0.0
23 silly idealTree   ├─┬ libnpmteam@1.0.1
23 silly idealTree   │ └── aproba@2.0.0
23 silly idealTree   ├── libnpx@10.2.0
23 silly idealTree   ├── locate-path@2.0.0
23 silly idealTree   ├── lock-verify@2.1.0
23 silly idealTree   ├── lockfile@1.0.4
23 silly idealTree   ├── lodash._baseindexof@3.1.0
23 silly idealTree   ├── lodash._baseuniq@4.6.0
23 silly idealTree   ├── lodash._bindcallback@3.0.1
23 silly idealTree   ├── lodash._cacheindexof@3.0.2
23 silly idealTree   ├── lodash._createcache@3.1.2
23 silly idealTree   ├── lodash._createset@4.0.3
23 silly idealTree   ├── lodash._getnative@3.9.1
23 silly idealTree   ├── lodash._root@3.0.1
23 silly idealTree   ├── lodash.clonedeep@4.5.0
23 silly idealTree   ├── lodash.restparam@3.6.1
23 silly idealTree   ├── lodash.union@4.6.0
23 silly idealTree   ├── lodash.uniq@4.5.0
23 silly idealTree   ├── lodash.without@4.4.0
23 silly idealTree   ├── lowercase-keys@1.0.1
23 silly idealTree   ├── lru-cache@4.1.5
23 silly idealTree   ├── make-dir@1.3.0
23 silly idealTree   ├── make-fetch-happen@4.0.1
23 silly idealTree   ├── meant@1.0.1
23 silly idealTree   ├── mem@1.1.0
23 silly idealTree   ├── mime-db@1.35.0
23 silly idealTree   ├── mime-types@2.1.19
23 silly idealTree   ├── mimic-fn@1.2.0
23 silly idealTree   ├── minimatch@3.0.4
23 silly idealTree   ├── minimist@0.0.8
23 silly idealTree   ├─┬ minipass@2.3.3
23 silly idealTree   │ └── yallist@3.0.2
23 silly idealTree   ├── minizlib@1.1.1
23 silly idealTree   ├── mississippi@3.0.0
23 silly idealTree   ├── mkdirp@0.5.1
23 silly idealTree   ├─┬ move-concurrently@1.0.1
23 silly idealTree   │ └── aproba@1.2.0
23 silly idealTree   ├── ms@2.1.1
23 silly idealTree   ├── mute-stream@0.0.7
23 silly idealTree   ├── node-fetch-npm@2.0.2
23 silly idealTree   ├─┬ node-gyp@3.8.0
23 silly idealTree   │ ├── nopt@3.0.6
23 silly idealTree   │ ├── semver@5.3.0
23 silly idealTree   │ └── tar@2.2.1
23 silly idealTree   ├── nopt@4.0.1
23 silly idealTree   ├─┬ normalize-package-data@2.5.0
23 silly idealTree   │ └── resolve@1.10.0
23 silly idealTree   ├── npm-audit-report@1.3.2
23 silly idealTree   ├── npm-bundled@1.0.6
23 silly idealTree   ├── npm-cache-filename@1.0.2
23 silly idealTree   ├── npm-install-checks@3.0.0
23 silly idealTree   ├── npm-lifecycle@2.1.0
23 silly idealTree   ├── npm-logical-tree@1.2.1
23 silly idealTree   ├── npm-package-arg@6.1.0
23 silly idealTree   ├── npm-packlist@1.4.1
23 silly idealTree   ├── npm-pick-manifest@2.2.3
23 silly idealTree   ├── npm-profile@4.0.1
23 silly idealTree   ├── npm-registry-fetch@3.9.0
23 silly idealTree   ├── npm-run-path@2.0.2
23 silly idealTree   ├── npm-user-validate@1.0.0
23 silly idealTree   ├── npmlog@4.1.2
23 silly idealTree   ├── number-is-nan@1.0.1
23 silly idealTree   ├── oauth-sign@0.9.0
23 silly idealTree   ├── object-assign@4.1.1
23 silly idealTree   ├── once@1.4.0
23 silly idealTree   ├── opener@1.5.1
23 silly idealTree   ├── os-homedir@1.0.2
23 silly idealTree   ├── os-locale@2.1.0
23 silly idealTree   ├── os-tmpdir@1.0.2
23 silly idealTree   ├── osenv@0.1.5
23 silly idealTree   ├── p-finally@1.0.0
23 silly idealTree   ├── p-limit@1.2.0
23 silly idealTree   ├── p-locate@2.0.0
23 silly idealTree   ├── p-try@1.0.0
23 silly idealTree   ├── package-json@4.0.1
23 silly idealTree   ├─┬ pacote@9.5.0
23 silly idealTree   │ ├── lru-cache@5.1.1
23 silly idealTree   │ ├── minipass@2.3.5
23 silly idealTree   │ └── yallist@3.0.3
23 silly idealTree   ├─┬ parallel-transform@1.1.0
23 silly idealTree   │ ├── readable-stream@2.3.6
23 silly idealTree   │ └── string_decoder@1.1.1
23 silly idealTree   ├── path-exists@3.0.0
23 silly idealTree   ├── path-is-absolute@1.0.1
23 silly idealTree   ├── path-is-inside@1.0.2
23 silly idealTree   ├── path-key@2.0.1
23 silly idealTree   ├── path-parse@1.0.6
23 silly idealTree   ├── performance-now@2.1.0
23 silly idealTree   ├── pify@3.0.0
23 silly idealTree   ├── prepend-http@1.0.4
23 silly idealTree   ├── process-nextick-args@2.0.0
23 silly idealTree   ├── promise-inflight@1.0.1
23 silly idealTree   ├─┬ promise-retry@1.1.1
23 silly idealTree   │ └── retry@0.10.1
23 silly idealTree   ├── promzard@0.3.0
23 silly idealTree   ├── proto-list@1.2.4
23 silly idealTree   ├── protoduck@5.0.1
23 silly idealTree   ├── prr@1.0.1
23 silly idealTree   ├── pseudomap@1.0.2
23 silly idealTree   ├── psl@1.1.29
23 silly idealTree   ├── pump@3.0.0
23 silly idealTree   ├─┬ pumpify@1.5.1
23 silly idealTree   │ └── pump@2.0.1
23 silly idealTree   ├── punycode@1.4.1
23 silly idealTree   ├── qrcode-terminal@0.12.0
23 silly idealTree   ├── qs@6.5.2
23 silly idealTree   ├── query-string@6.2.0
23 silly idealTree   ├── qw@1.0.1
23 silly idealTree   ├─┬ rc@1.2.7
23 silly idealTree   │ └── minimist@1.2.0
23 silly idealTree   ├── read-cmd-shim@1.0.1
23 silly idealTree   ├── read-installed@4.0.3
23 silly idealTree   ├── read-package-json@2.0.13
23 silly idealTree   ├── read-package-tree@5.2.2
23 silly idealTree   ├── read@1.0.7
23 silly idealTree   ├── readable-stream@3.1.1
23 silly idealTree   ├── readdir-scoped-modules@1.0.2
23 silly idealTree   ├── registry-auth-token@3.3.2
23 silly idealTree   ├── registry-url@3.1.0
23 silly idealTree   ├── request@2.88.0
23 silly idealTree   ├── require-directory@2.1.1
23 silly idealTree   ├── require-main-filename@1.0.1
23 silly idealTree   ├── resolve-from@4.0.0
23 silly idealTree   ├── retry@0.12.0
23 silly idealTree   ├── rimraf@2.6.3
23 silly idealTree   ├─┬ run-queue@1.0.3
23 silly idealTree   │ └── aproba@1.2.0
23 silly idealTree   ├── safe-buffer@5.1.2
23 silly idealTree   ├── safer-buffer@2.1.2
23 silly idealTree   ├── semver-diff@2.1.0
23 silly idealTree   ├── semver@5.6.0
23 silly idealTree   ├── set-blocking@2.0.0
23 silly idealTree   ├─┬ sha@2.0.1
23 silly idealTree   │ ├── readable-stream@2.3.6
23 silly idealTree   │ └── string_decoder@1.1.1
23 silly idealTree   ├── shebang-command@1.2.0
23 silly idealTree   ├── shebang-regex@1.0.0
23 silly idealTree   ├── signal-exit@3.0.2
23 silly idealTree   ├── slash@1.0.0
23 silly idealTree   ├── slide@1.1.6
23 silly idealTree   ├── smart-buffer@4.0.1
23 silly idealTree   ├── socks-proxy-agent@4.0.1
23 silly idealTree   ├── socks@2.2.0
23 silly idealTree   ├── sorted-object@2.0.1
23 silly idealTree   ├─┬ sorted-union-stream@2.1.3
23 silly idealTree   │ ├── from2@1.3.0
23 silly idealTree   │ ├── isarray@0.0.1
23 silly idealTree   │ ├── readable-stream@1.1.14
23 silly idealTree   │ └── string_decoder@0.10.31
23 silly idealTree   ├── spdx-correct@3.0.0
23 silly idealTree   ├── spdx-exceptions@2.1.0
23 silly idealTree   ├── spdx-expression-parse@3.0.0
23 silly idealTree   ├── spdx-license-ids@3.0.3
23 silly idealTree   ├── sshpk@1.14.2
23 silly idealTree   ├── ssri@6.0.1
23 silly idealTree   ├── stream-each@1.2.2
23 silly idealTree   ├─┬ stream-iterate@1.2.0
23 silly idealTree   │ ├── readable-stream@2.3.6
23 silly idealTree   │ └── string_decoder@1.1.1
23 silly idealTree   ├── stream-shift@1.0.0
23 silly idealTree   ├── strict-uri-encode@2.0.0
23 silly idealTree   ├── string_decoder@1.2.0
23 silly idealTree   ├─┬ string-width@2.1.1
23 silly idealTree   │ ├── ansi-regex@3.0.0
23 silly idealTree   │ ├── is-fullwidth-code-point@2.0.0
23 silly idealTree   │ └── strip-ansi@4.0.0
23 silly idealTree   ├── stringify-package@1.0.0
23 silly idealTree   ├── strip-ansi@3.0.1
23 silly idealTree   ├── strip-eof@1.0.0
23 silly idealTree   ├── strip-json-comments@2.0.1
23 silly idealTree   ├── supports-color@5.4.0
23 silly idealTree   ├─┬ tar@4.4.8
23 silly idealTree   │ ├── chownr@1.1.1
23 silly idealTree   │ ├── minipass@2.3.5
23 silly idealTree   │ └── yallist@3.0.3
23 silly idealTree   ├── term-size@1.2.0
23 silly idealTree   ├── text-table@0.2.0
23 silly idealTree   ├── through@2.3.8
23 silly idealTree   ├─┬ through2@2.0.3
23 silly idealTree   │ ├── readable-stream@2.3.6
23 silly idealTree   │ └── string_decoder@1.1.1
23 silly idealTree   ├── timed-out@4.0.1
23 silly idealTree   ├── tiny-relative-date@1.3.0
23 silly idealTree   ├── tough-cookie@2.4.3
23 silly idealTree   ├── tunnel-agent@0.6.0
23 silly idealTree   ├── tweetnacl@0.14.5
23 silly idealTree   ├── typedarray@0.0.6
23 silly idealTree   ├── uid-number@0.0.6
23 silly idealTree   ├── umask@1.1.0
23 silly idealTree   ├── unique-filename@1.1.1
23 silly idealTree   ├── unique-slug@2.0.0
23 silly idealTree   ├── unique-string@1.0.0
23 silly idealTree   ├── unpipe@1.0.0
23 silly idealTree   ├── unzip-response@2.0.1
23 silly idealTree   ├── update-notifier@2.5.0
23 silly idealTree   ├── url-parse-lax@1.0.0
23 silly idealTree   ├── util-deprecate@1.0.2
23 silly idealTree   ├── util-extend@1.0.3
23 silly idealTree   ├── uuid@3.3.2
23 silly idealTree   ├── validate-npm-package-license@3.0.4
23 silly idealTree   ├── validate-npm-package-name@3.0.0
23 silly idealTree   ├── verror@1.10.0
23 silly idealTree   ├── wcwidth@1.0.1
23 silly idealTree   ├── which-module@2.0.0
23 silly idealTree   ├── which@1.3.1
23 silly idealTree   ├─┬ wide-align@1.1.2
23 silly idealTree   │ └── string-width@1.0.2
23 silly idealTree   ├── widest-line@2.0.0
23 silly idealTree   ├── worker-farm@1.6.0
23 silly idealTree   ├─┬ wrap-ansi@2.1.0
23 silly idealTree   │ └── string-width@1.0.2
23 silly idealTree   ├── wrappy@1.0.2
23 silly idealTree   ├── write-file-atomic@2.4.2
23 silly idealTree   ├── xdg-basedir@3.0.0
23 silly idealTree   ├── xtend@4.0.1
23 silly idealTree   ├── y18n@4.0.0
23 silly idealTree   ├── yallist@2.1.2
23 silly idealTree   ├── yargs-parser@9.0.2
23 silly idealTree   └─┬ yargs@11.0.0
23 silly idealTree     └── y18n@3.2.1
24 silly generateActionsToTake Starting
25 silly install generateActionsToTake
26 warn checkPermissions Missing write access to /home/faris/Desktop/YallaKidz/node_modules/npm
27 silly rollbackFailedOptional Starting
28 silly rollbackFailedOptional Finishing
29 silly runTopLevelLifecycles Starting
30 silly runTopLevelLifecycles Finishing
31 silly install printInstalled
32 warn yallakidz@1.0.0 No description
33 verbose stack Error: EACCES: permission denied, access '/home/faris/Desktop/YallaKidz/node_modules/npm'
34 verbose cwd /home/faris/Desktop/YallaKidz
35 error Linux 4.18.0-16-generic
36 error argv "/usr/bin/node" "/usr/bin/npm" "i"
37 error node v8.10.0
38 error npm  v3.5.2
39 error path /home/faris/Desktop/YallaKidz/node_modules/npm
40 error code EACCES
41 error errno -13
42 error syscall access
43 error Error: EACCES: permission denied, access '/home/faris/Desktop/YallaKidz/node_modules/npm'
43 error  { Error: EACCES: permission denied, access '/home/faris/Desktop/YallaKidz/node_modules/npm'
43 error   errno: -13,
43 error   code: 'EACCES',
43 error   syscall: 'access',
43 error   path: '/home/faris/Desktop/YallaKidz/node_modules/npm' }
44 error Please try running this command again as root/Administrator.
45 verbose exit [ -13, true ]
